<?xml version="1.0" encoding="UTF-8"?><testsuite errors="0" failures="0" name="com.studentapp.junit.studentsinfo.studentsCRUDTest" skipped="0" tests="4" time="8.07" timestamp="2018-10-08 09:46:30"><testcase classname="com.studentapp.junit.studentsinfo.studentsCRUDTest" name="This test will create a new student"/><testcase classname="com.studentapp.junit.studentsinfo.studentsCRUDTest" name="Verify if the student was added to the application"/><testcase classname="com.studentapp.junit.studentsinfo.studentsCRUDTest" name="Update the user information and verify updated information"/><testcase classname="com.studentapp.junit.studentsinfo.studentsCRUDTest" name="Delete a student and verify if the student is deleted"/></testsuite>