<?xml version="1.0" encoding="UTF-8"?><testsuite errors="0" failures="0" name="com.studentapp.junit.studentsinfo.TagsTest" skipped="0" tests="3" time="0.75" timestamp="2018-10-08 09:46:41"><testcase classname="com.studentapp.junit.studentsinfo.TagsTest" name="This test will provide and error code of 400 when user trying to access an invalide resource"/><testcase classname="com.studentapp.junit.studentsinfo.TagsTest" name="Provide 405 Status code when incorrect HTTP method is used to access a resource"/><testcase classname="com.studentapp.junit.studentsinfo.TagsTest" name="This test will verify if a status code of 200 is returned for a GET request"/></testsuite>