<?xml version="1.0" encoding="UTF-8"?><testsuite errors="1" failures="1" name="com.studentapp.junit.studentsinfo.firstSerenityTest" skipped="4" tests="8" time="2.06" timestamp="2018-10-08 09:47:02"><testcase classname="com.studentapp.junit.studentsinfo.firstSerenityTest" name="This is a skipped test"><skipped/></testcase><testcase classname="com.studentapp.junit.studentsinfo.firstSerenityTest" name="This test will get the information of all the students n the student App"/><testcase classname="com.studentapp.junit.studentsinfo.firstSerenityTest" name="This IA failing test"><failure message="1 expectation failed.&#10;Expected status code &lt;500&gt; but was &lt;200&gt;.&#10;" type="java.lang.AssertionError">1 expectation failed.
Expected status code &lt;500&gt; but was &lt;200&gt;.
</failure><system-err>1 expectation failed.
Expected status code &lt;500&gt; but was &lt;200&gt;.

io.restassured.internal.ResponseSpecificationImpl.validateResponseIfRequired(ResponseSpecificationImpl.groovy:643)
io.restassured.internal.ResponseSpecificationImpl.statusCode(ResponseSpecificationImpl.groovy:122)
io.restassured.internal.ResponseSpecificationImpl.statusCode(ResponseSpecificationImpl.groovy:130)
io.restassured.internal.ValidatableResponseOptionsImpl.statusCode(ValidatableResponseOptionsImpl.java:117)
com.studentapp.junit.studentsinfo.firstSerenityTest.thisIAFailingTest(firstSerenityTest.java:46)
</system-err></testcase><testcase classname="com.studentapp.junit.studentsinfo.firstSerenityTest" name="This is a pending test"><skipped/></testcase><testcase classname="com.studentapp.junit.studentsinfo.firstSerenityTest" name="This is a manual test"><skipped/></testcase><testcase classname="com.studentapp.junit.studentsinfo.firstSerenityTest" name="This is a test with error"><error message="/ by zero" type="java.lang.ArithmeticException">/ by zero</error><system-err>/ by zero
com.studentapp.junit.studentsinfo.firstSerenityTest.thisIsATestWithError(firstSerenityTest.java:63)
</system-err></testcase><testcase classname="com.studentapp.junit.studentsinfo.firstSerenityTest" name="File does not exist"><compromised message="E:/path.txt (No such file or directory)" type="java.io.FileNotFoundException">E:/path.txt (No such file or directory)</compromised><system-err>E:/path.txt (No such file or directory)
com.studentapp.junit.studentsinfo.firstSerenityTest.fileDoesNotExist(firstSerenityTest.java:70)
</system-err></testcase><testcase classname="com.studentapp.junit.studentsinfo.firstSerenityTest" name="Get all students"/></testsuite>